<?xml version="1.0" encoding="UTF-8"?>
<testng-results ignored="0" total="1" passed="1" failed="0" skipped="0">
  <reporter-output>
  </reporter-output>
  <suite started-at="2026-02-25T21:37:00 IST" name="Default suite" finished-at="2026-02-25T21:37:30 IST" duration-ms="29860">
    <groups>
    </groups>
    <test started-at="2026-02-25T21:37:00 IST" name="Default test" finished-at="2026-02-25T21:37:30 IST" duration-ms="29860">
      <class name="tests.BlazeDemoTest">
        <test-method is-config="true" signature="setup()[pri:0, instance:tests.BlazeDemoTest@36fc695d]" started-at="2026-02-25T21:37:00 IST" name="setup" finished-at="2026-02-25T21:37:14 IST" duration-ms="13710" status="PASS">
          <reporter-output>
          </reporter-output>
        </test-method> <!-- setup -->
        <test-method signature="searchFlightAndSelectCheapest()[pri:0, instance:tests.BlazeDemoTest@36fc695d]" started-at="2026-02-25T21:37:14 IST" name="searchFlightAndSelectCheapest" finished-at="2026-02-25T21:37:26 IST" duration-ms="11650" status="PASS">
          <reporter-output>
          </reporter-output>
        </test-method> <!-- searchFlightAndSelectCheapest -->
        <test-method is-config="true" signature="tearDown()[pri:0, instance:tests.BlazeDemoTest@36fc695d]" started-at="2026-02-25T21:37:26 IST" name="tearDown" finished-at="2026-02-25T21:37:30 IST" duration-ms="4389" status="PASS">
          <reporter-output>
          </reporter-output>
        </test-method> <!-- tearDown -->
      </class> <!-- tests.BlazeDemoTest -->
    </test> <!-- Default test -->
  </suite> <!-- Default suite -->
</testng-results>
